{
  "stats": {
    "suites": 1,
    "tests": 1,
    "passes": 1,
    "pending": 0,
    "failures": 0,
    "start": "2025-09-22T17:16:52.719Z",
    "end": "2025-09-22T17:16:57.656Z",
    "duration": 4937,
    "testsRegistered": 1,
    "passPercent": 100,
    "pendingPercent": 0,
    "other": 0,
    "hasOther": false,
    "skipped": 0,
    "hasSkipped": false
  },
  "results": [
    {
      "uuid": "7ac2ee53-80bd-4718-94ac-30789c3312e2",
      "title": "",
      "fullFile": "cypress\\e2e\\create_gatewayservice.cy.ts",
      "file": "cypress\\e2e\\create_gatewayservice.cy.ts",
      "beforeHooks": [],
      "afterHooks": [],
      "tests": [],
      "suites": [
        {
          "uuid": "ced4f384-ea7b-45a1-ac97-daa1fabbb36d",
          "title": "Kong Manager - Workspaces Page",
          "fullFile": "",
          "file": "",
          "beforeHooks": [],
          "afterHooks": [],
          "tests": [
            {
              "title": "should load the Workspaces page and show default workspace",
              "fullTitle": "Kong Manager - Workspaces Page should load the Workspaces page and show default workspace",
              "timedOut": null,
              "duration": 4872,
              "state": "passed",
              "speed": "fast",
              "pass": true,
              "fail": false,
              "pending": false,
              "context": null,
              "code": "// Step 1: Navigate to the Workspaces page\nworkspacesPage.visitWorkspacesPage();\n// Step 2: Verify default workspace is visible\n//workspacesPage.assertDefaultWorkspaceVisible();\n// Step 3: Verify default workspace name is 'default'\n//workspacesPage.assertDefaultWorkspaceName(\"default\");\n// Step 2: Click on the default workspace\nworkspacesPage.clickDefaultWorkspace();\n// Step 3: Select Gateway Service from the side-bar\noverviewPage.selectGatewayServices();\n// Step 4: Click upon Add New Gateway Service\noverviewPage.clickAddGatewayService();\n// Step 5: Fill out the form\ncreateServicePage.enterServiceUrl(uniqueUrl);\ncreateServicePage.clickSave();",
              "err": {},
              "uuid": "cff51a02-12cc-4de4-9126-d0c3b8e09913",
              "parentUUID": "ced4f384-ea7b-45a1-ac97-daa1fabbb36d",
              "isHook": false,
              "skipped": false
            }
          ],
          "suites": [],
          "passes": [
            "cff51a02-12cc-4de4-9126-d0c3b8e09913"
          ],
          "failures": [],
          "pending": [],
          "skipped": [],
          "duration": 4872,
          "root": false,
          "rootEmpty": false,
          "_timeout": 2000
        }
      ],
      "passes": [],
      "failures": [],
      "pending": [],
      "skipped": [],
      "duration": 0,
      "root": true,
      "rootEmpty": true,
      "_timeout": 2000
    }
  ],
  "meta": {
    "mocha": {
      "version": "7.2.0"
    },
    "mochawesome": {
      "options": {
        "quiet": false,
        "reportFilename": "mochawesome",
        "saveHtml": false,
        "saveJson": true,
        "consoleReporter": "spec",
        "useInlineDiffs": false,
        "code": true
      },
      "version": "7.1.4"
    },
    "marge": {
      "options": {
        "reportDir": "reports/mochawesome",
        "overwrite": false,
        "html": false,
        "json": true
      },
      "version": "6.3.0"
    }
  }
}