{
  "stats": {
    "suites": 1,
    "tests": 9,
    "passes": 9,
    "pending": 0,
    "failures": 0,
    "start": "2025-09-29T14:14:06.360Z",
    "end": "2025-09-29T14:14:26.937Z",
    "duration": 20577,
    "testsRegistered": 9,
    "passPercent": 100,
    "pendingPercent": 0,
    "other": 0,
    "hasOther": false,
    "skipped": 0,
    "hasSkipped": false
  },
  "results": [
    {
      "uuid": "93894923-caf9-4436-b67e-71bf477d0a7f",
      "title": "",
      "fullFile": "cypress\\e2e\\error_validation_Invalid_url.cy.ts",
      "file": "cypress\\e2e\\error_validation_Invalid_url.cy.ts",
      "beforeHooks": [],
      "afterHooks": [],
      "tests": [],
      "suites": [
        {
          "uuid": "d304fa9f-fe51-443b-b66d-9296baa3b9f8",
          "title": "Create Service - FullUrl Required Field Validation",
          "fullFile": "",
          "file": "",
          "beforeHooks": [],
          "afterHooks": [],
          "tests": [
            {
              "title": "should show inline error for invalid Full URL: \"abc123\"",
              "fullTitle": "Create Service - FullUrl Required Field Validation should show inline error for invalid Full URL: \"abc123\"",
              "timedOut": null,
              "duration": 4222,
              "state": "passed",
              "speed": "fast",
              "pass": true,
              "fail": false,
              "pending": false,
              "context": null,
              "code": "// Enter value (or clear if blank) to trigger validation\nif (url === \"\") {\n    cy.get('[data-testid=\"gateway-service-url-input\"]').clear().blur();\n}\nelse {\n    createServicePage.enterServiceUrl(url);\n}\ncreateServicePage.assertUrlValidationError(ERROR_MESSAGE);\n// Save button should not be enabled\ncy.contains(\"button\", /^Save$/).should(\"be.disabled\");",
              "err": {},
              "uuid": "65f72361-531a-4e1f-992e-2fa6f3a06401",
              "parentUUID": "d304fa9f-fe51-443b-b66d-9296baa3b9f8",
              "isHook": false,
              "skipped": false
            },
            {
              "title": "should show inline error for invalid Full URL: \"httpbin.org\"",
              "fullTitle": "Create Service - FullUrl Required Field Validation should show inline error for invalid Full URL: \"httpbin.org\"",
              "timedOut": null,
              "duration": 1699,
              "state": "passed",
              "speed": "fast",
              "pass": true,
              "fail": false,
              "pending": false,
              "context": null,
              "code": "// Enter value (or clear if blank) to trigger validation\nif (url === \"\") {\n    cy.get('[data-testid=\"gateway-service-url-input\"]').clear().blur();\n}\nelse {\n    createServicePage.enterServiceUrl(url);\n}\ncreateServicePage.assertUrlValidationError(ERROR_MESSAGE);\n// Save button should not be enabled\ncy.contains(\"button\", /^Save$/).should(\"be.disabled\");",
              "err": {},
              "uuid": "dae1f9ba-1f0e-4bfd-9f71-d81e4b883ecd",
              "parentUUID": "d304fa9f-fe51-443b-b66d-9296baa3b9f8",
              "isHook": false,
              "skipped": false
            },
            {
              "title": "should show inline error for invalid Full URL: \"www.api.kong.com\"",
              "fullTitle": "Create Service - FullUrl Required Field Validation should show inline error for invalid Full URL: \"www.api.kong.com\"",
              "timedOut": null,
              "duration": 1719,
              "state": "passed",
              "speed": "fast",
              "pass": true,
              "fail": false,
              "pending": false,
              "context": null,
              "code": "// Enter value (or clear if blank) to trigger validation\nif (url === \"\") {\n    cy.get('[data-testid=\"gateway-service-url-input\"]').clear().blur();\n}\nelse {\n    createServicePage.enterServiceUrl(url);\n}\ncreateServicePage.assertUrlValidationError(ERROR_MESSAGE);\n// Save button should not be enabled\ncy.contains(\"button\", /^Save$/).should(\"be.disabled\");",
              "err": {},
              "uuid": "2efe4225-63af-40a5-8e00-394099ae7905",
              "parentUUID": "d304fa9f-fe51-443b-b66d-9296baa3b9f8",
              "isHook": false,
              "skipped": false
            },
            {
              "title": "should show inline error for invalid Full URL: \"ftp://example.com\"",
              "fullTitle": "Create Service - FullUrl Required Field Validation should show inline error for invalid Full URL: \"ftp://example.com\"",
              "timedOut": null,
              "duration": 1481,
              "state": "passed",
              "speed": "fast",
              "pass": true,
              "fail": false,
              "pending": false,
              "context": null,
              "code": "// Enter value (or clear if blank) to trigger validation\nif (url === \"\") {\n    cy.get('[data-testid=\"gateway-service-url-input\"]').clear().blur();\n}\nelse {\n    createServicePage.enterServiceUrl(url);\n}\ncreateServicePage.assertUrlValidationError(ERROR_MESSAGE);\n// Save button should not be enabled\ncy.contains(\"button\", /^Save$/).should(\"be.disabled\");",
              "err": {},
              "uuid": "adb78801-de6d-450e-9aff-47d19796e8d3",
              "parentUUID": "d304fa9f-fe51-443b-b66d-9296baa3b9f8",
              "isHook": false,
              "skipped": false
            },
            {
              "title": "should show inline error for invalid Full URL: \"https://\"",
              "fullTitle": "Create Service - FullUrl Required Field Validation should show inline error for invalid Full URL: \"https://\"",
              "timedOut": null,
              "duration": 1765,
              "state": "passed",
              "speed": "fast",
              "pass": true,
              "fail": false,
              "pending": false,
              "context": null,
              "code": "// Enter value (or clear if blank) to trigger validation\nif (url === \"\") {\n    cy.get('[data-testid=\"gateway-service-url-input\"]').clear().blur();\n}\nelse {\n    createServicePage.enterServiceUrl(url);\n}\ncreateServicePage.assertUrlValidationError(ERROR_MESSAGE);\n// Save button should not be enabled\ncy.contains(\"button\", /^Save$/).should(\"be.disabled\");",
              "err": {},
              "uuid": "5744ed8c-2348-4f7b-8183-b96131a12ff6",
              "parentUUID": "d304fa9f-fe51-443b-b66d-9296baa3b9f8",
              "isHook": false,
              "skipped": false
            },
            {
              "title": "should show inline error for invalid Full URL: \"https://api. kong.com\"",
              "fullTitle": "Create Service - FullUrl Required Field Validation should show inline error for invalid Full URL: \"https://api. kong.com\"",
              "timedOut": null,
              "duration": 2082,
              "state": "passed",
              "speed": "fast",
              "pass": true,
              "fail": false,
              "pending": false,
              "context": null,
              "code": "// Enter value (or clear if blank) to trigger validation\nif (url === \"\") {\n    cy.get('[data-testid=\"gateway-service-url-input\"]').clear().blur();\n}\nelse {\n    createServicePage.enterServiceUrl(url);\n}\ncreateServicePage.assertUrlValidationError(ERROR_MESSAGE);\n// Save button should not be enabled\ncy.contains(\"button\", /^Save$/).should(\"be.disabled\");",
              "err": {},
              "uuid": "9cba93e9-d3bb-415f-993a-5a9991a87034",
              "parentUUID": "d304fa9f-fe51-443b-b66d-9296baa3b9f8",
              "isHook": false,
              "skipped": false
            },
            {
              "title": "should show inline error for invalid Full URL: \"https://api!kong.com\"",
              "fullTitle": "Create Service - FullUrl Required Field Validation should show inline error for invalid Full URL: \"https://api!kong.com\"",
              "timedOut": null,
              "duration": 1655,
              "state": "passed",
              "speed": "fast",
              "pass": true,
              "fail": false,
              "pending": false,
              "context": null,
              "code": "// Enter value (or clear if blank) to trigger validation\nif (url === \"\") {\n    cy.get('[data-testid=\"gateway-service-url-input\"]').clear().blur();\n}\nelse {\n    createServicePage.enterServiceUrl(url);\n}\ncreateServicePage.assertUrlValidationError(ERROR_MESSAGE);\n// Save button should not be enabled\ncy.contains(\"button\", /^Save$/).should(\"be.disabled\");",
              "err": {},
              "uuid": "c456956a-87e5-4a94-9f7f-8705e7d7d714",
              "parentUUID": "d304fa9f-fe51-443b-b66d-9296baa3b9f8",
              "isHook": false,
              "skipped": false
            },
            {
              "title": "should show inline error for invalid Full URL: \"https://this-is-a-very-long-invalid-url-example-that-should-break-validation-because-of-length.com\"",
              "fullTitle": "Create Service - FullUrl Required Field Validation should show inline error for invalid Full URL: \"https://this-is-a-very-long-invalid-url-example-that-should-break-validation-because-of-length.com\"",
              "timedOut": null,
              "duration": 3478,
              "state": "passed",
              "speed": "fast",
              "pass": true,
              "fail": false,
              "pending": false,
              "context": null,
              "code": "// Enter value (or clear if blank) to trigger validation\nif (url === \"\") {\n    cy.get('[data-testid=\"gateway-service-url-input\"]').clear().blur();\n}\nelse {\n    createServicePage.enterServiceUrl(url);\n}\ncreateServicePage.assertUrlValidationError(ERROR_MESSAGE);\n// Save button should not be enabled\ncy.contains(\"button\", /^Save$/).should(\"be.disabled\");",
              "err": {},
              "uuid": "d0844da7-ed44-437e-8798-8d7461d2b832",
              "parentUUID": "d304fa9f-fe51-443b-b66d-9296baa3b9f8",
              "isHook": false,
              "skipped": false
            },
            {
              "title": "should accept valid Url and clear error message",
              "fullTitle": "Create Service - FullUrl Required Field Validation should accept valid Url and clear error message",
              "timedOut": null,
              "duration": 1977,
              "state": "passed",
              "speed": "fast",
              "pass": true,
              "fail": false,
              "pending": false,
              "context": null,
              "code": "// Enter a valid service URL\ncreateServicePage.enterServiceUrl(\"http://httpbin.konghq.com\");\n(0, screenshot_1.attachScreenshot)('No Inline Error with Valid URL');\n// And Save button should be enabled\ncy.contains(\"button\", /^Save$/).should(\"be.enabled\");",
              "err": {},
              "uuid": "11d9c425-460b-4cfe-b723-6fd8478ab903",
              "parentUUID": "d304fa9f-fe51-443b-b66d-9296baa3b9f8",
              "isHook": false,
              "skipped": false
            }
          ],
          "suites": [],
          "passes": [
            "65f72361-531a-4e1f-992e-2fa6f3a06401",
            "dae1f9ba-1f0e-4bfd-9f71-d81e4b883ecd",
            "2efe4225-63af-40a5-8e00-394099ae7905",
            "adb78801-de6d-450e-9aff-47d19796e8d3",
            "5744ed8c-2348-4f7b-8183-b96131a12ff6",
            "9cba93e9-d3bb-415f-993a-5a9991a87034",
            "c456956a-87e5-4a94-9f7f-8705e7d7d714",
            "d0844da7-ed44-437e-8798-8d7461d2b832",
            "11d9c425-460b-4cfe-b723-6fd8478ab903"
          ],
          "failures": [],
          "pending": [],
          "skipped": [],
          "duration": 20078,
          "root": false,
          "rootEmpty": false,
          "_timeout": 2000
        }
      ],
      "passes": [],
      "failures": [],
      "pending": [],
      "skipped": [],
      "duration": 0,
      "root": true,
      "rootEmpty": true,
      "_timeout": 2000
    }
  ],
  "meta": {
    "mocha": {
      "version": "7.2.0"
    },
    "mochawesome": {
      "options": {
        "quiet": false,
        "reportFilename": "mochawesome",
        "saveHtml": false,
        "saveJson": true,
        "consoleReporter": "spec",
        "useInlineDiffs": false,
        "code": true
      },
      "version": "7.1.4"
    },
    "marge": {
      "options": {
        "reportDir": "reports/mochawesome",
        "overwrite": false,
        "html": false,
        "json": true
      },
      "version": "6.3.0"
    }
  }
}