{
  "stats": {
    "suites": 1,
    "tests": 1,
    "passes": 0,
    "pending": 0,
    "failures": 1,
    "start": "2025-09-29T13:20:28.879Z",
    "end": "2025-09-29T13:20:54.757Z",
    "duration": 25878,
    "testsRegistered": 1,
    "passPercent": 0,
    "pendingPercent": 0,
    "other": 0,
    "hasOther": false,
    "skipped": 0,
    "hasSkipped": false
  },
  "results": [
    {
      "uuid": "20f4d371-8105-413e-9b61-d06e578775b0",
      "title": "",
      "fullFile": "cypress\\e2e\\disable_enable_service.cy.ts",
      "file": "cypress\\e2e\\disable_enable_service.cy.ts",
      "beforeHooks": [],
      "afterHooks": [],
      "tests": [],
      "suites": [
        {
          "uuid": "4fd3c244-3427-423b-82c8-6755ca872bd7",
          "title": "Disable / Enable Service",
          "fullFile": "",
          "file": "",
          "beforeHooks": [],
          "afterHooks": [],
          "tests": [
            {
              "title": "should create a Gateway Service successfully",
              "fullTitle": "Disable / Enable Service should create a Gateway Service successfully",
              "timedOut": null,
              "duration": 25580,
              "state": "failed",
              "speed": null,
              "pass": false,
              "fail": true,
              "pending": false,
              "context": null,
              "code": "// Step 1: Create New Service\nworkspacesPage.visitWorkspacesPage();\nworkspacesPage.clickDefaultWorkspace();\ngatewayServicePage.selectGatewayServices();\ngatewayServicePage.clickAddGatewayService();\ncreateServicePage.enterServiceUrl(serviceUrl);\ncreateServicePage.enterServiceName(serviceName);\ncreateServicePage.clickSave();\nconsole.log(`Service Name: ${serviceName}`);\n(0, serviceApi_3.waitForCreate201)();\n// Step 2:Navigate to Service List Page\ngatewayServicePage.selectGatewayServices();\n(0, serviceApi_2.waitForServices)();\n// Step 3: Disable the newly created service\ngatewayServicePage.disableServiceByName(serviceName);\n(0, screenshot_1.attachScreenshot)('Service Diabled');\n// Step 4: Enable the same service again\ngatewayServicePage.enableServiceByName(serviceName);\n(0, screenshot_1.attachScreenshot)('Service Enabled');\n// Delete service flow can be added here for cleanup",
              "err": {
                "message": "AssertionError: Timed out retrying after 10000ms: expected '<tr>' to be 'visible'\n\nThis element `<tr>` is not visible because its ancestor has `position: fixed` CSS property and it is overflowed by other elements. How about scrolling to the element with `cy.scrollIntoView()`?",
                "estack": "AssertionError: Timed out retrying after 10000ms: expected '<tr>' to be 'visible'\n\nThis element `<tr>` is not visible because its ancestor has `position: fixed` CSS property and it is overflowed by other elements. How about scrolling to the element with `cy.scrollIntoView()`?\n    at GatewayServicePage.rowFor (webpack://kong-tests/./cypress/pages/gatewayServicePage.ts:135:67)\n    at GatewayServicePage.getToggleFor (webpack://kong-tests/./cypress/pages/gatewayServicePage.ts:139:16)\n    at GatewayServicePage.disableServiceByName (webpack://kong-tests/./cypress/pages/gatewayServicePage.ts:166:9)\n    at Context.eval (webpack://kong-tests/./cypress/e2e/disable_enable_service.cy.ts:39:23)",
                "diff": null
              },
              "uuid": "c14b1df7-1c80-4b53-86f9-d4878f3031ce",
              "parentUUID": "4fd3c244-3427-423b-82c8-6755ca872bd7",
              "isHook": false,
              "skipped": false
            }
          ],
          "suites": [],
          "passes": [],
          "failures": [
            "c14b1df7-1c80-4b53-86f9-d4878f3031ce"
          ],
          "pending": [],
          "skipped": [],
          "duration": 25580,
          "root": false,
          "rootEmpty": false,
          "_timeout": 2000
        }
      ],
      "passes": [],
      "failures": [],
      "pending": [],
      "skipped": [],
      "duration": 0,
      "root": true,
      "rootEmpty": true,
      "_timeout": 2000
    }
  ],
  "meta": {
    "mocha": {
      "version": "7.2.0"
    },
    "mochawesome": {
      "options": {
        "quiet": false,
        "reportFilename": "mochawesome",
        "saveHtml": false,
        "saveJson": true,
        "consoleReporter": "spec",
        "useInlineDiffs": false,
        "code": true
      },
      "version": "7.1.4"
    },
    "marge": {
      "options": {
        "reportDir": "reports/mochawesome",
        "overwrite": false,
        "html": false,
        "json": true
      },
      "version": "6.3.0"
    }
  }
}