{
  "stats": {
    "suites": 1,
    "tests": 1,
    "passes": 1,
    "pending": 0,
    "failures": 0,
    "start": "2025-09-28T19:23:59.764Z",
    "end": "2025-09-28T19:24:17.578Z",
    "duration": 17814,
    "testsRegistered": 1,
    "passPercent": 100,
    "pendingPercent": 0,
    "other": 0,
    "hasOther": false,
    "skipped": 0,
    "hasSkipped": false
  },
  "results": [
    {
      "uuid": "6dc6eb44-288c-41a6-8557-b097c84ac2d4",
      "title": "",
      "fullFile": "cypress\\e2e\\e2e_create_route.cy.ts",
      "file": "cypress\\e2e\\e2e_create_route.cy.ts",
      "beforeHooks": [],
      "afterHooks": [],
      "tests": [],
      "suites": [
        {
          "uuid": "591616b8-3323-4dc2-9965-623384f6961c",
          "title": "Kong Manager - Workspaces Page",
          "fullFile": "",
          "file": "",
          "beforeHooks": [],
          "afterHooks": [],
          "tests": [
            {
              "title": "should load the Workspaces page and show default workspace",
              "fullTitle": "Kong Manager - Workspaces Page should load the Workspaces page and show default workspace",
              "timedOut": null,
              "duration": 17622,
              "state": "passed",
              "speed": "slow",
              "pass": true,
              "fail": false,
              "pending": false,
              "context": null,
              "code": "// Step 1: Navigate to the Workspaces page\nworkspacesPage.visitWorkspacesPage();\nworkspacesPage.assertOnPage();\n// Step 2: Click on the default workspace\nworkspacesPage.clickDefaultWorkspace();\n// Step 3: Select Gateway Service from the side-bar\noverviewPage.selectGatewayServices();\n// Step 4: Click upon Add New Gateway Service\noverviewPage.clickAddGatewayService();\n// Step 5: Fill out the form\ncreateServicePage.enterServiceUrl(serviceUrl);\ncreateServicePage.enterServiceName(serviceName);\ncreateServicePage.clickSave();\n(0, toastNotifications_1.assertSuccessToast)(`Gateway Service \"${serviceName}\" successfully created`);\n(0, screenshot_1.attachScreenshot)('service-created');\n// Step 6: Click upon Add a Route button to add a route\nroutePage.clickAddRoute();\n// Step 7: fill required fields\nroutePage.enterName(routeName);\nroutePage.enterPath(routePath);\n// (optional) prove Save is enabled before clicking\n// cy.get(routePage.saveBtn).should('be.enabled');\n// Step 8: save the route\nroutePage.saveRoute();\n(0, screenshot_1.attachScreenshot)('route-created');\n// Step 9: verify success toast notification\n(0, toastNotifications_1.assertSuccessToast)(`Route \"${routeName}\" successfully created!`);\n// Save only routePath for proxy test\ncy.writeFile('cypress/fixtures/routePath.json', { routePath });",
              "err": {},
              "uuid": "e3e5afe2-ec86-4280-9e59-7c9235789b12",
              "parentUUID": "591616b8-3323-4dc2-9965-623384f6961c",
              "isHook": false,
              "skipped": false
            }
          ],
          "suites": [],
          "passes": [
            "e3e5afe2-ec86-4280-9e59-7c9235789b12"
          ],
          "failures": [],
          "pending": [],
          "skipped": [],
          "duration": 17622,
          "root": false,
          "rootEmpty": false,
          "_timeout": 2000
        }
      ],
      "passes": [],
      "failures": [],
      "pending": [],
      "skipped": [],
      "duration": 0,
      "root": true,
      "rootEmpty": true,
      "_timeout": 2000
    }
  ],
  "meta": {
    "mocha": {
      "version": "7.2.0"
    },
    "mochawesome": {
      "options": {
        "quiet": false,
        "reportFilename": "mochawesome",
        "saveHtml": false,
        "saveJson": true,
        "consoleReporter": "spec",
        "useInlineDiffs": false,
        "code": true
      },
      "version": "7.1.4"
    },
    "marge": {
      "options": {
        "reportDir": "reports/mochawesome",
        "overwrite": false,
        "html": false,
        "json": true
      },
      "version": "6.3.0"
    }
  }
}