{
  "stats": {
    "suites": 1,
    "tests": 1,
    "passes": 1,
    "pending": 0,
    "failures": 0,
    "start": "2025-09-28T13:29:11.578Z",
    "end": "2025-09-28T13:29:29.337Z",
    "duration": 17759,
    "testsRegistered": 1,
    "passPercent": 100,
    "pendingPercent": 0,
    "other": 0,
    "hasOther": false,
    "skipped": 0,
    "hasSkipped": false
  },
  "results": [
    {
      "uuid": "e7d666f1-acce-46c7-b513-73adb55744f2",
      "title": "",
      "fullFile": "cypress\\e2e\\error_validation_duplicate_servicename.cy.ts",
      "file": "cypress\\e2e\\error_validation_duplicate_servicename.cy.ts",
      "beforeHooks": [],
      "afterHooks": [],
      "tests": [],
      "suites": [
        {
          "uuid": "50c694ea-39de-405b-9dad-aabac0325412",
          "title": "Kong Manager - Workspaces Page",
          "fullFile": "",
          "file": "",
          "beforeHooks": [],
          "afterHooks": [],
          "tests": [
            {
              "title": "should load the Workspaces page and show default workspace",
              "fullTitle": "Kong Manager - Workspaces Page should load the Workspaces page and show default workspace",
              "timedOut": null,
              "duration": 17476,
              "state": "passed",
              "speed": "slow",
              "pass": true,
              "fail": false,
              "pending": false,
              "context": null,
              "code": "// Step 1: Navigate to the Workspaces page\nworkspacesPage.visitWorkspacesPage();\nworkspacesPage.assertDefaultWorkspaceName(\"default\");\n// Step 2: Click on the default workspace\nworkspacesPage.clickDefaultWorkspace();\n// Step 3: Select Gateway Service from the side-bar\ngatewayServicePage.selectGatewayServices();\n// Step 4: Click upon Add New Gateway Service\ngatewayServicePage.clickAddGatewayService();\n// Step 5: Fill out the form\ncreateServicePage.enterServiceUrl(serviceUrl);\ncreateServicePage.enterServiceName(serviceName);\ncreateServicePage.clickSave();\nconsole.log(`Created Service: ${serviceName}`);\n//Validate success toast notification\n(0, toastNotifications_1.assertSuccessToast)(`Gateway Service \"${serviceName}\" successfully created`);\n(0, screenshot_1.attachScreenshot)('GatewayService-created');\n// Create new service with same service name\ngatewayServicePage.selectGatewayServices();\ngatewayServicePage.clickAddGatewayService();\ncreateServicePage.enterServiceUrl(serviceUrl);\ncreateServicePage.enterServiceName(serviceName);\ncreateServicePage.clickSave();\n// Assertion- UI shows error message\ncreateServicePage.assertDuplicateServiceNameError();\n(0, screenshot_1.attachScreenshot)('Duplicate Service-error');",
              "err": {},
              "uuid": "e7f2b4ac-bec4-494e-9c24-683e74330a4a",
              "parentUUID": "50c694ea-39de-405b-9dad-aabac0325412",
              "isHook": false,
              "skipped": false
            }
          ],
          "suites": [],
          "passes": [
            "e7f2b4ac-bec4-494e-9c24-683e74330a4a"
          ],
          "failures": [],
          "pending": [],
          "skipped": [],
          "duration": 17476,
          "root": false,
          "rootEmpty": false,
          "_timeout": 2000
        }
      ],
      "passes": [],
      "failures": [],
      "pending": [],
      "skipped": [],
      "duration": 0,
      "root": true,
      "rootEmpty": true,
      "_timeout": 2000
    }
  ],
  "meta": {
    "mocha": {
      "version": "7.2.0"
    },
    "mochawesome": {
      "options": {
        "quiet": false,
        "reportFilename": "mochawesome",
        "saveHtml": false,
        "saveJson": true,
        "consoleReporter": "spec",
        "useInlineDiffs": false,
        "code": true
      },
      "version": "7.1.4"
    },
    "marge": {
      "options": {
        "reportDir": "reports/mochawesome",
        "overwrite": false,
        "html": false,
        "json": true
      },
      "version": "6.3.0"
    }
  }
}