{
  "stats": {
    "suites": 1,
    "tests": 1,
    "passes": 1,
    "pending": 0,
    "failures": 0,
    "start": "2025-09-29T13:20:02.584Z",
    "end": "2025-09-29T13:20:21.820Z",
    "duration": 19236,
    "testsRegistered": 1,
    "passPercent": 100,
    "pendingPercent": 0,
    "other": 0,
    "hasOther": false,
    "skipped": 0,
    "hasSkipped": false
  },
  "results": [
    {
      "uuid": "b74b4785-037e-4544-b68b-f42c32dc72d4",
      "title": "",
      "fullFile": "cypress\\e2e\\create_service_full_url.cy.ts",
      "file": "cypress\\e2e\\create_service_full_url.cy.ts",
      "beforeHooks": [],
      "afterHooks": [],
      "tests": [],
      "suites": [
        {
          "uuid": "0ec08d05-0718-4736-9c41-53edc545c145",
          "title": "Create Service via Full URL",
          "fullFile": "",
          "file": "",
          "beforeHooks": [],
          "afterHooks": [],
          "tests": [
            {
              "title": "should create a Gateway Service successfully",
              "fullTitle": "Create Service via Full URL should create a Gateway Service successfully",
              "timedOut": null,
              "duration": 18793,
              "state": "passed",
              "speed": "slow",
              "pass": true,
              "fail": false,
              "pending": false,
              "context": null,
              "code": "// Step 1: Navigate to the Workspaces page\nworkspacesPage.visitWorkspacesPage();\nworkspacesPage.assertDefaultWorkspaceName(\"default\");\n// Step 2: Click on the default workspace\nworkspacesPage.clickDefaultWorkspace();\n// Step 3: Select Gateway Service from the side-bar\ngatewayServicePage.selectGatewayServices();\n// Step 4: Click upon Add New Gateway Service\ngatewayServicePage.clickAddGatewayService();\n// Step 5: Fill out the form\ncreateServicePage.enterServiceUrl(serviceUrl);\ncreateServicePage.enterServiceName(serviceName);\ncreateServicePage.clickSave();\nconsole.log(`Service Name: ${serviceName}`);\n(0, screenshot_1.attachScreenshot)('GatewayService-created');\n//Validate success toast notification\n(0, toastNotifications_1.assertSuccessToast)(`Gateway Service \"${serviceName}\" successfully created`);\n(0, serviceApi_3.waitForCreate201)();\n// Step 6:Navigate to Service List Page\ngatewayServicePage.selectGatewayServices();\n(0, serviceApi_2.waitForServices)();\n// Step 7: Verify Protocol + Host in row\ngatewayServicePage.assertRowProtocolHost(serviceName, protocol, host);",
              "err": {},
              "uuid": "bc1f94a3-67f2-4f57-b923-a864a7c21109",
              "parentUUID": "0ec08d05-0718-4736-9c41-53edc545c145",
              "isHook": false,
              "skipped": false
            }
          ],
          "suites": [],
          "passes": [
            "bc1f94a3-67f2-4f57-b923-a864a7c21109"
          ],
          "failures": [],
          "pending": [],
          "skipped": [],
          "duration": 18793,
          "root": false,
          "rootEmpty": false,
          "_timeout": 2000
        }
      ],
      "passes": [],
      "failures": [],
      "pending": [],
      "skipped": [],
      "duration": 0,
      "root": true,
      "rootEmpty": true,
      "_timeout": 2000
    }
  ],
  "meta": {
    "mocha": {
      "version": "7.2.0"
    },
    "mochawesome": {
      "options": {
        "quiet": false,
        "reportFilename": "mochawesome",
        "saveHtml": false,
        "saveJson": true,
        "consoleReporter": "spec",
        "useInlineDiffs": false,
        "code": true
      },
      "version": "7.1.4"
    },
    "marge": {
      "options": {
        "reportDir": "reports/mochawesome",
        "overwrite": false,
        "html": false,
        "json": true
      },
      "version": "6.3.0"
    }
  }
}