{
  "stats": {
    "suites": 1,
    "tests": 9,
    "passes": 9,
    "pending": 0,
    "failures": 0,
    "start": "2025-09-29T13:21:24.472Z",
    "end": "2025-09-29T13:22:13.210Z",
    "duration": 48738,
    "testsRegistered": 9,
    "passPercent": 100,
    "pendingPercent": 0,
    "other": 0,
    "hasOther": false,
    "skipped": 0,
    "hasSkipped": false
  },
  "results": [
    {
      "uuid": "e72b54e4-86df-4475-8365-ab750a3bc2ad",
      "title": "",
      "fullFile": "cypress\\e2e\\error_validation_Invalid_url.cy.ts",
      "file": "cypress\\e2e\\error_validation_Invalid_url.cy.ts",
      "beforeHooks": [],
      "afterHooks": [],
      "tests": [],
      "suites": [
        {
          "uuid": "b0a42b80-b06e-4e71-accf-9e22ed48ca02",
          "title": "Create Service - FullUrl Required Field Validation",
          "fullFile": "",
          "file": "",
          "beforeHooks": [],
          "afterHooks": [],
          "tests": [
            {
              "title": "should show inline error for invalid Full URL: \"abc123\"",
              "fullTitle": "Create Service - FullUrl Required Field Validation should show inline error for invalid Full URL: \"abc123\"",
              "timedOut": null,
              "duration": 8932,
              "state": "passed",
              "speed": "medium",
              "pass": true,
              "fail": false,
              "pending": false,
              "context": null,
              "code": "// Enter value (or clear if blank) to trigger validation\nif (url === \"\") {\n    cy.get('[data-testid=\"gateway-service-url-input\"]').clear().blur();\n}\nelse {\n    createServicePage.enterServiceUrl(url);\n}\ncreateServicePage.assertUrlValidationError(ERROR_MESSAGE);\n// Save button should not be enabled\ncy.contains(\"button\", /^Save$/).should(\"be.disabled\");",
              "err": {},
              "uuid": "4c8624ad-843c-4295-8745-0574e4ba199a",
              "parentUUID": "b0a42b80-b06e-4e71-accf-9e22ed48ca02",
              "isHook": false,
              "skipped": false
            },
            {
              "title": "should show inline error for invalid Full URL: \"httpbin.org\"",
              "fullTitle": "Create Service - FullUrl Required Field Validation should show inline error for invalid Full URL: \"httpbin.org\"",
              "timedOut": null,
              "duration": 5269,
              "state": "passed",
              "speed": "medium",
              "pass": true,
              "fail": false,
              "pending": false,
              "context": null,
              "code": "// Enter value (or clear if blank) to trigger validation\nif (url === \"\") {\n    cy.get('[data-testid=\"gateway-service-url-input\"]').clear().blur();\n}\nelse {\n    createServicePage.enterServiceUrl(url);\n}\ncreateServicePage.assertUrlValidationError(ERROR_MESSAGE);\n// Save button should not be enabled\ncy.contains(\"button\", /^Save$/).should(\"be.disabled\");",
              "err": {},
              "uuid": "bcc2c070-4355-4a73-8174-57e151a5676f",
              "parentUUID": "b0a42b80-b06e-4e71-accf-9e22ed48ca02",
              "isHook": false,
              "skipped": false
            },
            {
              "title": "should show inline error for invalid Full URL: \"www.api.kong.com\"",
              "fullTitle": "Create Service - FullUrl Required Field Validation should show inline error for invalid Full URL: \"www.api.kong.com\"",
              "timedOut": null,
              "duration": 3708,
              "state": "passed",
              "speed": "fast",
              "pass": true,
              "fail": false,
              "pending": false,
              "context": null,
              "code": "// Enter value (or clear if blank) to trigger validation\nif (url === \"\") {\n    cy.get('[data-testid=\"gateway-service-url-input\"]').clear().blur();\n}\nelse {\n    createServicePage.enterServiceUrl(url);\n}\ncreateServicePage.assertUrlValidationError(ERROR_MESSAGE);\n// Save button should not be enabled\ncy.contains(\"button\", /^Save$/).should(\"be.disabled\");",
              "err": {},
              "uuid": "7c476307-ca20-42d7-825f-47ed173522b4",
              "parentUUID": "b0a42b80-b06e-4e71-accf-9e22ed48ca02",
              "isHook": false,
              "skipped": false
            },
            {
              "title": "should show inline error for invalid Full URL: \"ftp://example.com\"",
              "fullTitle": "Create Service - FullUrl Required Field Validation should show inline error for invalid Full URL: \"ftp://example.com\"",
              "timedOut": null,
              "duration": 3586,
              "state": "passed",
              "speed": "fast",
              "pass": true,
              "fail": false,
              "pending": false,
              "context": null,
              "code": "// Enter value (or clear if blank) to trigger validation\nif (url === \"\") {\n    cy.get('[data-testid=\"gateway-service-url-input\"]').clear().blur();\n}\nelse {\n    createServicePage.enterServiceUrl(url);\n}\ncreateServicePage.assertUrlValidationError(ERROR_MESSAGE);\n// Save button should not be enabled\ncy.contains(\"button\", /^Save$/).should(\"be.disabled\");",
              "err": {},
              "uuid": "e30ad178-f5dc-4d4b-9aad-19284c62c817",
              "parentUUID": "b0a42b80-b06e-4e71-accf-9e22ed48ca02",
              "isHook": false,
              "skipped": false
            },
            {
              "title": "should show inline error for invalid Full URL: \"https://\"",
              "fullTitle": "Create Service - FullUrl Required Field Validation should show inline error for invalid Full URL: \"https://\"",
              "timedOut": null,
              "duration": 3510,
              "state": "passed",
              "speed": "fast",
              "pass": true,
              "fail": false,
              "pending": false,
              "context": null,
              "code": "// Enter value (or clear if blank) to trigger validation\nif (url === \"\") {\n    cy.get('[data-testid=\"gateway-service-url-input\"]').clear().blur();\n}\nelse {\n    createServicePage.enterServiceUrl(url);\n}\ncreateServicePage.assertUrlValidationError(ERROR_MESSAGE);\n// Save button should not be enabled\ncy.contains(\"button\", /^Save$/).should(\"be.disabled\");",
              "err": {},
              "uuid": "355a792e-3da3-4c12-9ca3-cbda0317e841",
              "parentUUID": "b0a42b80-b06e-4e71-accf-9e22ed48ca02",
              "isHook": false,
              "skipped": false
            },
            {
              "title": "should show inline error for invalid Full URL: \"https://api. kong.com\"",
              "fullTitle": "Create Service - FullUrl Required Field Validation should show inline error for invalid Full URL: \"https://api. kong.com\"",
              "timedOut": null,
              "duration": 3683,
              "state": "passed",
              "speed": "fast",
              "pass": true,
              "fail": false,
              "pending": false,
              "context": null,
              "code": "// Enter value (or clear if blank) to trigger validation\nif (url === \"\") {\n    cy.get('[data-testid=\"gateway-service-url-input\"]').clear().blur();\n}\nelse {\n    createServicePage.enterServiceUrl(url);\n}\ncreateServicePage.assertUrlValidationError(ERROR_MESSAGE);\n// Save button should not be enabled\ncy.contains(\"button\", /^Save$/).should(\"be.disabled\");",
              "err": {},
              "uuid": "16613a90-73c8-457c-ba4f-212e58be9df8",
              "parentUUID": "b0a42b80-b06e-4e71-accf-9e22ed48ca02",
              "isHook": false,
              "skipped": false
            },
            {
              "title": "should show inline error for invalid Full URL: \"https://api!kong.com\"",
              "fullTitle": "Create Service - FullUrl Required Field Validation should show inline error for invalid Full URL: \"https://api!kong.com\"",
              "timedOut": null,
              "duration": 5904,
              "state": "passed",
              "speed": "medium",
              "pass": true,
              "fail": false,
              "pending": false,
              "context": null,
              "code": "// Enter value (or clear if blank) to trigger validation\nif (url === \"\") {\n    cy.get('[data-testid=\"gateway-service-url-input\"]').clear().blur();\n}\nelse {\n    createServicePage.enterServiceUrl(url);\n}\ncreateServicePage.assertUrlValidationError(ERROR_MESSAGE);\n// Save button should not be enabled\ncy.contains(\"button\", /^Save$/).should(\"be.disabled\");",
              "err": {},
              "uuid": "71180fb4-de35-432b-a32a-1f9fddc0bfc8",
              "parentUUID": "b0a42b80-b06e-4e71-accf-9e22ed48ca02",
              "isHook": false,
              "skipped": false
            },
            {
              "title": "should show inline error for invalid Full URL: \"https://this-is-a-very-long-invalid-url-example-that-should-break-validation-because-of-length.com\"",
              "fullTitle": "Create Service - FullUrl Required Field Validation should show inline error for invalid Full URL: \"https://this-is-a-very-long-invalid-url-example-that-should-break-validation-because-of-length.com\"",
              "timedOut": null,
              "duration": 6660,
              "state": "passed",
              "speed": "medium",
              "pass": true,
              "fail": false,
              "pending": false,
              "context": null,
              "code": "// Enter value (or clear if blank) to trigger validation\nif (url === \"\") {\n    cy.get('[data-testid=\"gateway-service-url-input\"]').clear().blur();\n}\nelse {\n    createServicePage.enterServiceUrl(url);\n}\ncreateServicePage.assertUrlValidationError(ERROR_MESSAGE);\n// Save button should not be enabled\ncy.contains(\"button\", /^Save$/).should(\"be.disabled\");",
              "err": {},
              "uuid": "5221dae7-42be-48c5-b1d0-934ad87609d3",
              "parentUUID": "b0a42b80-b06e-4e71-accf-9e22ed48ca02",
              "isHook": false,
              "skipped": false
            },
            {
              "title": "should accept valid Url and clear error message",
              "fullTitle": "Create Service - FullUrl Required Field Validation should accept valid Url and clear error message",
              "timedOut": null,
              "duration": 6218,
              "state": "passed",
              "speed": "medium",
              "pass": true,
              "fail": false,
              "pending": false,
              "context": null,
              "code": "// Enter a valid service URL\ncreateServicePage.enterServiceUrl(\"http://httpbin.konghq.com\");\n(0, screenshot_1.attachScreenshot)('No Inline Error with Valid URL');\n// And Save button should be enabled\ncy.contains(\"button\", /^Save$/).should(\"be.enabled\");",
              "err": {},
              "uuid": "4df4eeeb-a2c1-4234-9223-9f29ea19b3a1",
              "parentUUID": "b0a42b80-b06e-4e71-accf-9e22ed48ca02",
              "isHook": false,
              "skipped": false
            }
          ],
          "suites": [],
          "passes": [
            "4c8624ad-843c-4295-8745-0574e4ba199a",
            "bcc2c070-4355-4a73-8174-57e151a5676f",
            "7c476307-ca20-42d7-825f-47ed173522b4",
            "e30ad178-f5dc-4d4b-9aad-19284c62c817",
            "355a792e-3da3-4c12-9ca3-cbda0317e841",
            "16613a90-73c8-457c-ba4f-212e58be9df8",
            "71180fb4-de35-432b-a32a-1f9fddc0bfc8",
            "5221dae7-42be-48c5-b1d0-934ad87609d3",
            "4df4eeeb-a2c1-4234-9223-9f29ea19b3a1"
          ],
          "failures": [],
          "pending": [],
          "skipped": [],
          "duration": 47470,
          "root": false,
          "rootEmpty": false,
          "_timeout": 2000
        }
      ],
      "passes": [],
      "failures": [],
      "pending": [],
      "skipped": [],
      "duration": 0,
      "root": true,
      "rootEmpty": true,
      "_timeout": 2000
    }
  ],
  "meta": {
    "mocha": {
      "version": "7.2.0"
    },
    "mochawesome": {
      "options": {
        "quiet": false,
        "reportFilename": "mochawesome",
        "saveHtml": false,
        "saveJson": true,
        "consoleReporter": "spec",
        "useInlineDiffs": false,
        "code": true
      },
      "version": "7.1.4"
    },
    "marge": {
      "options": {
        "reportDir": "reports/mochawesome",
        "overwrite": false,
        "html": false,
        "json": true
      },
      "version": "6.3.0"
    }
  }
}