{
  "stats": {
    "suites": 1,
    "tests": 1,
    "passes": 1,
    "pending": 0,
    "failures": 0,
    "start": "2025-09-28T13:28:27.655Z",
    "end": "2025-09-28T13:28:44.008Z",
    "duration": 16353,
    "testsRegistered": 1,
    "passPercent": 100,
    "pendingPercent": 0,
    "other": 0,
    "hasOther": false,
    "skipped": 0,
    "hasSkipped": false
  },
  "results": [
    {
      "uuid": "0ff4e6d4-eabf-4b5f-94f5-d8be0fd9f745",
      "title": "",
      "fullFile": "cypress\\e2e\\create_service_FullUrl.cy.ts",
      "file": "cypress\\e2e\\create_service_FullUrl.cy.ts",
      "beforeHooks": [],
      "afterHooks": [],
      "tests": [],
      "suites": [
        {
          "uuid": "2049b200-c39c-4f42-85ca-1870738ec3fc",
          "title": "Kong Manager - Workspaces Page",
          "fullFile": "",
          "file": "",
          "beforeHooks": [],
          "afterHooks": [],
          "tests": [
            {
              "title": "should load the Workspaces page and show default workspace",
              "fullTitle": "Kong Manager - Workspaces Page should load the Workspaces page and show default workspace",
              "timedOut": null,
              "duration": 16128,
              "state": "passed",
              "speed": "slow",
              "pass": true,
              "fail": false,
              "pending": false,
              "context": null,
              "code": "// Step 1: Navigate to the Workspaces page\nworkspacesPage.visitWorkspacesPage();\nworkspacesPage.assertDefaultWorkspaceName(\"default\");\n// Step 2: Click on the default workspace\nworkspacesPage.clickDefaultWorkspace();\n// Step 3: Select Gateway Service from the side-bar\ngatewayServicePage.selectGatewayServices();\n// Step 4: Click upon Add New Gateway Service\ngatewayServicePage.clickAddGatewayService();\n// Step 5: Fill out the form\ncreateServicePage.enterServiceUrl(serviceUrl);\ncreateServicePage.enterServiceName(serviceName);\ncreateServicePage.clickSave();\nconsole.log(`Service Name: ${serviceName}`);\n(0, screenshot_1.attachScreenshot)('GatewayService-created');\n//Validate success toast notification\n(0, toastNotifications_1.assertSuccessToast)(`Gateway Service \"${serviceName}\" successfully created`);\n(0, serviceApi_3.waitForCreate201)();\n// Step 6:Navigate to Service List Page\ngatewayServicePage.selectGatewayServices();\n(0, serviceApi_2.waitForServices)();\n// Step 7: Verify Protocol + Host in row\ngatewayServicePage.assertRowProtocolHost(serviceName, protocol, host);",
              "err": {},
              "uuid": "e8c2be34-3d51-4817-b2a1-5ce7892c17bd",
              "parentUUID": "2049b200-c39c-4f42-85ca-1870738ec3fc",
              "isHook": false,
              "skipped": false
            }
          ],
          "suites": [],
          "passes": [
            "e8c2be34-3d51-4817-b2a1-5ce7892c17bd"
          ],
          "failures": [],
          "pending": [],
          "skipped": [],
          "duration": 16128,
          "root": false,
          "rootEmpty": false,
          "_timeout": 2000
        }
      ],
      "passes": [],
      "failures": [],
      "pending": [],
      "skipped": [],
      "duration": 0,
      "root": true,
      "rootEmpty": true,
      "_timeout": 2000
    }
  ],
  "meta": {
    "mocha": {
      "version": "7.2.0"
    },
    "mochawesome": {
      "options": {
        "quiet": false,
        "reportFilename": "mochawesome",
        "saveHtml": false,
        "saveJson": true,
        "consoleReporter": "spec",
        "useInlineDiffs": false,
        "code": true
      },
      "version": "7.1.4"
    },
    "marge": {
      "options": {
        "reportDir": "reports/mochawesome",
        "overwrite": false,
        "html": false,
        "json": true
      },
      "version": "6.3.0"
    }
  }
}