{
  "stats": {
    "suites": 1,
    "tests": 9,
    "passes": 9,
    "pending": 0,
    "failures": 0,
    "start": "2025-09-29T13:28:04.313Z",
    "end": "2025-09-29T13:29:02.025Z",
    "duration": 57712,
    "testsRegistered": 9,
    "passPercent": 100,
    "pendingPercent": 0,
    "other": 0,
    "hasOther": false,
    "skipped": 0,
    "hasSkipped": false
  },
  "results": [
    {
      "uuid": "2c0a2f4f-6a3e-4e0a-bcef-22b05bfb43bc",
      "title": "",
      "fullFile": "cypress\\e2e\\error_validation_Invalid_url.cy.ts",
      "file": "cypress\\e2e\\error_validation_Invalid_url.cy.ts",
      "beforeHooks": [],
      "afterHooks": [],
      "tests": [],
      "suites": [
        {
          "uuid": "eaec1a3b-24ab-4efa-bef7-42437058d685",
          "title": "Create Service - FullUrl Required Field Validation",
          "fullFile": "",
          "file": "",
          "beforeHooks": [],
          "afterHooks": [],
          "tests": [
            {
              "title": "should show inline error for invalid Full URL: \"abc123\"",
              "fullTitle": "Create Service - FullUrl Required Field Validation should show inline error for invalid Full URL: \"abc123\"",
              "timedOut": null,
              "duration": 8594,
              "state": "passed",
              "speed": "medium",
              "pass": true,
              "fail": false,
              "pending": false,
              "context": null,
              "code": "// Enter value (or clear if blank) to trigger validation\nif (url === \"\") {\n    cy.get('[data-testid=\"gateway-service-url-input\"]').clear().blur();\n}\nelse {\n    createServicePage.enterServiceUrl(url);\n}\ncreateServicePage.assertUrlValidationError(ERROR_MESSAGE);\n// Save button should not be enabled\ncy.contains(\"button\", /^Save$/).should(\"be.disabled\");",
              "err": {},
              "uuid": "45823044-fb8c-44f2-bb62-25ba20ca4212",
              "parentUUID": "eaec1a3b-24ab-4efa-bef7-42437058d685",
              "isHook": false,
              "skipped": false
            },
            {
              "title": "should show inline error for invalid Full URL: \"httpbin.org\"",
              "fullTitle": "Create Service - FullUrl Required Field Validation should show inline error for invalid Full URL: \"httpbin.org\"",
              "timedOut": null,
              "duration": 5859,
              "state": "passed",
              "speed": "medium",
              "pass": true,
              "fail": false,
              "pending": false,
              "context": null,
              "code": "// Enter value (or clear if blank) to trigger validation\nif (url === \"\") {\n    cy.get('[data-testid=\"gateway-service-url-input\"]').clear().blur();\n}\nelse {\n    createServicePage.enterServiceUrl(url);\n}\ncreateServicePage.assertUrlValidationError(ERROR_MESSAGE);\n// Save button should not be enabled\ncy.contains(\"button\", /^Save$/).should(\"be.disabled\");",
              "err": {},
              "uuid": "daa70ab4-7aeb-47e2-80ae-47c63106664b",
              "parentUUID": "eaec1a3b-24ab-4efa-bef7-42437058d685",
              "isHook": false,
              "skipped": false
            },
            {
              "title": "should show inline error for invalid Full URL: \"www.api.kong.com\"",
              "fullTitle": "Create Service - FullUrl Required Field Validation should show inline error for invalid Full URL: \"www.api.kong.com\"",
              "timedOut": null,
              "duration": 6060,
              "state": "passed",
              "speed": "medium",
              "pass": true,
              "fail": false,
              "pending": false,
              "context": null,
              "code": "// Enter value (or clear if blank) to trigger validation\nif (url === \"\") {\n    cy.get('[data-testid=\"gateway-service-url-input\"]').clear().blur();\n}\nelse {\n    createServicePage.enterServiceUrl(url);\n}\ncreateServicePage.assertUrlValidationError(ERROR_MESSAGE);\n// Save button should not be enabled\ncy.contains(\"button\", /^Save$/).should(\"be.disabled\");",
              "err": {},
              "uuid": "d5299aee-be45-4369-a3cb-b1e062d51ceb",
              "parentUUID": "eaec1a3b-24ab-4efa-bef7-42437058d685",
              "isHook": false,
              "skipped": false
            },
            {
              "title": "should show inline error for invalid Full URL: \"ftp://example.com\"",
              "fullTitle": "Create Service - FullUrl Required Field Validation should show inline error for invalid Full URL: \"ftp://example.com\"",
              "timedOut": null,
              "duration": 7177,
              "state": "passed",
              "speed": "medium",
              "pass": true,
              "fail": false,
              "pending": false,
              "context": null,
              "code": "// Enter value (or clear if blank) to trigger validation\nif (url === \"\") {\n    cy.get('[data-testid=\"gateway-service-url-input\"]').clear().blur();\n}\nelse {\n    createServicePage.enterServiceUrl(url);\n}\ncreateServicePage.assertUrlValidationError(ERROR_MESSAGE);\n// Save button should not be enabled\ncy.contains(\"button\", /^Save$/).should(\"be.disabled\");",
              "err": {},
              "uuid": "84e044fc-d38f-4b37-a9f6-4c3390253d3b",
              "parentUUID": "eaec1a3b-24ab-4efa-bef7-42437058d685",
              "isHook": false,
              "skipped": false
            },
            {
              "title": "should show inline error for invalid Full URL: \"https://\"",
              "fullTitle": "Create Service - FullUrl Required Field Validation should show inline error for invalid Full URL: \"https://\"",
              "timedOut": null,
              "duration": 5176,
              "state": "passed",
              "speed": "medium",
              "pass": true,
              "fail": false,
              "pending": false,
              "context": null,
              "code": "// Enter value (or clear if blank) to trigger validation\nif (url === \"\") {\n    cy.get('[data-testid=\"gateway-service-url-input\"]').clear().blur();\n}\nelse {\n    createServicePage.enterServiceUrl(url);\n}\ncreateServicePage.assertUrlValidationError(ERROR_MESSAGE);\n// Save button should not be enabled\ncy.contains(\"button\", /^Save$/).should(\"be.disabled\");",
              "err": {},
              "uuid": "ff2afdc7-643e-4ce7-94e4-20309cd69d0d",
              "parentUUID": "eaec1a3b-24ab-4efa-bef7-42437058d685",
              "isHook": false,
              "skipped": false
            },
            {
              "title": "should show inline error for invalid Full URL: \"https://api. kong.com\"",
              "fullTitle": "Create Service - FullUrl Required Field Validation should show inline error for invalid Full URL: \"https://api. kong.com\"",
              "timedOut": null,
              "duration": 5604,
              "state": "passed",
              "speed": "medium",
              "pass": true,
              "fail": false,
              "pending": false,
              "context": null,
              "code": "// Enter value (or clear if blank) to trigger validation\nif (url === \"\") {\n    cy.get('[data-testid=\"gateway-service-url-input\"]').clear().blur();\n}\nelse {\n    createServicePage.enterServiceUrl(url);\n}\ncreateServicePage.assertUrlValidationError(ERROR_MESSAGE);\n// Save button should not be enabled\ncy.contains(\"button\", /^Save$/).should(\"be.disabled\");",
              "err": {},
              "uuid": "57c02fff-8dae-41c0-b578-953eebb1ba27",
              "parentUUID": "eaec1a3b-24ab-4efa-bef7-42437058d685",
              "isHook": false,
              "skipped": false
            },
            {
              "title": "should show inline error for invalid Full URL: \"https://api!kong.com\"",
              "fullTitle": "Create Service - FullUrl Required Field Validation should show inline error for invalid Full URL: \"https://api!kong.com\"",
              "timedOut": null,
              "duration": 4837,
              "state": "passed",
              "speed": "fast",
              "pass": true,
              "fail": false,
              "pending": false,
              "context": null,
              "code": "// Enter value (or clear if blank) to trigger validation\nif (url === \"\") {\n    cy.get('[data-testid=\"gateway-service-url-input\"]').clear().blur();\n}\nelse {\n    createServicePage.enterServiceUrl(url);\n}\ncreateServicePage.assertUrlValidationError(ERROR_MESSAGE);\n// Save button should not be enabled\ncy.contains(\"button\", /^Save$/).should(\"be.disabled\");",
              "err": {},
              "uuid": "6926d1f7-2a99-4eb4-9a4f-430a22f714d1",
              "parentUUID": "eaec1a3b-24ab-4efa-bef7-42437058d685",
              "isHook": false,
              "skipped": false
            },
            {
              "title": "should show inline error for invalid Full URL: \"https://this-is-a-very-long-invalid-url-example-that-should-break-validation-because-of-length.com\"",
              "fullTitle": "Create Service - FullUrl Required Field Validation should show inline error for invalid Full URL: \"https://this-is-a-very-long-invalid-url-example-that-should-break-validation-because-of-length.com\"",
              "timedOut": null,
              "duration": 6447,
              "state": "passed",
              "speed": "medium",
              "pass": true,
              "fail": false,
              "pending": false,
              "context": null,
              "code": "// Enter value (or clear if blank) to trigger validation\nif (url === \"\") {\n    cy.get('[data-testid=\"gateway-service-url-input\"]').clear().blur();\n}\nelse {\n    createServicePage.enterServiceUrl(url);\n}\ncreateServicePage.assertUrlValidationError(ERROR_MESSAGE);\n// Save button should not be enabled\ncy.contains(\"button\", /^Save$/).should(\"be.disabled\");",
              "err": {},
              "uuid": "44ac75a4-1b32-4699-8ee4-7fee25bb089d",
              "parentUUID": "eaec1a3b-24ab-4efa-bef7-42437058d685",
              "isHook": false,
              "skipped": false
            },
            {
              "title": "should accept valid Url and clear error message",
              "fullTitle": "Create Service - FullUrl Required Field Validation should accept valid Url and clear error message",
              "timedOut": null,
              "duration": 6076,
              "state": "passed",
              "speed": "medium",
              "pass": true,
              "fail": false,
              "pending": false,
              "context": null,
              "code": "// Enter a valid service URL\ncreateServicePage.enterServiceUrl(\"http://httpbin.konghq.com\");\n(0, screenshot_1.attachScreenshot)('No Inline Error with Valid URL');\n// And Save button should be enabled\ncy.contains(\"button\", /^Save$/).should(\"be.enabled\");",
              "err": {},
              "uuid": "b1fd6edd-a37b-420f-9d48-cc51515d4512",
              "parentUUID": "eaec1a3b-24ab-4efa-bef7-42437058d685",
              "isHook": false,
              "skipped": false
            }
          ],
          "suites": [],
          "passes": [
            "45823044-fb8c-44f2-bb62-25ba20ca4212",
            "daa70ab4-7aeb-47e2-80ae-47c63106664b",
            "d5299aee-be45-4369-a3cb-b1e062d51ceb",
            "84e044fc-d38f-4b37-a9f6-4c3390253d3b",
            "ff2afdc7-643e-4ce7-94e4-20309cd69d0d",
            "57c02fff-8dae-41c0-b578-953eebb1ba27",
            "6926d1f7-2a99-4eb4-9a4f-430a22f714d1",
            "44ac75a4-1b32-4699-8ee4-7fee25bb089d",
            "b1fd6edd-a37b-420f-9d48-cc51515d4512"
          ],
          "failures": [],
          "pending": [],
          "skipped": [],
          "duration": 55830,
          "root": false,
          "rootEmpty": false,
          "_timeout": 2000
        }
      ],
      "passes": [],
      "failures": [],
      "pending": [],
      "skipped": [],
      "duration": 0,
      "root": true,
      "rootEmpty": true,
      "_timeout": 2000
    }
  ],
  "meta": {
    "mocha": {
      "version": "7.2.0"
    },
    "mochawesome": {
      "options": {
        "quiet": false,
        "reportFilename": "mochawesome",
        "saveHtml": false,
        "saveJson": true,
        "consoleReporter": "spec",
        "useInlineDiffs": false,
        "code": true
      },
      "version": "7.1.4"
    },
    "marge": {
      "options": {
        "reportDir": "reports/mochawesome",
        "overwrite": false,
        "html": false,
        "json": true
      },
      "version": "6.3.0"
    }
  }
}